\BOOKMARK [0][-]{init.0}{Front Page}{}% 1
\BOOKMARK [0][-]{chapter*.1}{Abstract}{}% 2
\BOOKMARK [0][-]{contents.0}{Table of Contents}{}% 3
\BOOKMARK [0][-]{figures.0}{List of Figures}{}% 4
\BOOKMARK [0][-]{tables.0}{List of Tables}{}% 5
\BOOKMARK [0][-]{chapter.1}{1 Introduction}{}% 6
\BOOKMARK [1][-]{section.1.1}{1.1 Background}{chapter.1}% 7
\BOOKMARK [1][-]{section.1.2}{1.2 Problem Description}{chapter.1}% 8
\BOOKMARK [1][-]{section.1.3}{1.3 Objective}{chapter.1}% 9
\BOOKMARK [1][-]{section.1.4}{1.4 Project Scope}{chapter.1}% 10
\BOOKMARK [0][-]{chapter.2}{2 Literature Review}{}% 11
\BOOKMARK [1][-]{section.2.1}{2.1 Dog Walk capsix}{chapter.2}% 12
\BOOKMARK [1][-]{section.2.2}{2.2 My Pet Reminderscapseven}{chapter.2}% 13
\BOOKMARK [1][-]{section.2.3}{2.3 Dog Synccapseight}{chapter.2}% 14
\BOOKMARK [1][-]{section.2.4}{2.4 ASPCA Pet Safetycapsnine}{chapter.2}% 15
\BOOKMARK [1][-]{section.2.5}{2.5 Dog Health[9]}{chapter.2}% 16
\BOOKMARK [1][-]{section.2.6}{2.6 Pet Coachpetcoach}{chapter.2}% 17
\BOOKMARK [1][-]{section.2.7}{2.7 Pet-First Aidpetfirstage}{chapter.2}% 18
\BOOKMARK [1][-]{section.2.8}{2.8 Rovercapsrover}{chapter.2}% 19
\BOOKMARK [0][-]{chapter.3}{3 Requirement Specifications}{}% 20
\BOOKMARK [1][-]{section.3.1}{3.1 Existing System}{chapter.3}% 21
\BOOKMARK [1][-]{section.3.2}{3.2 Proposed System}{chapter.3}% 22
\BOOKMARK [1][-]{section.3.3}{3.3 Requirement Specification}{chapter.3}% 23
\BOOKMARK [2][-]{subsection.3.3.1}{3.3.1 Functional Requirements}{section.3.3}% 24
\BOOKMARK [2][-]{subsection.3.3.2}{3.3.2 \040Subsystem Functional Requirement}{section.3.3}% 25
\BOOKMARK [2][-]{subsection.3.3.3}{3.3.3 Non Functional Requirement}{section.3.3}% 26
\BOOKMARK [1][-]{section.3.4}{3.4 Use Cases}{chapter.3}% 27
\BOOKMARK [1][-]{section.3.5}{3.5 Use Case \(System Diagram\)}{chapter.3}% 28
\BOOKMARK [2][-]{subsection.3.5.1}{3.5.1 Use Case \(Website User\)}{section.3.5}% 29
\BOOKMARK [2][-]{subsection.3.5.2}{3.5.2 Use Case \(Android User\)}{section.3.5}% 30
\BOOKMARK [0][-]{chapter.4}{4 System Design}{}% 31
\BOOKMARK [1][-]{section.4.1}{4.1 System Architecture Diagram}{chapter.4}% 32
\BOOKMARK [1][-]{section.4.2}{4.2 Design Methodology}{chapter.4}% 33
\BOOKMARK [1][-]{section.4.3}{4.3 High Level Deign}{chapter.4}% 34
\BOOKMARK [2][-]{subsection.4.3.1}{4.3.1 Flow Chart}{section.4.3}% 35
\BOOKMARK [2][-]{subsection.4.3.2}{4.3.2 Activity Diagrams}{section.4.3}% 36
\BOOKMARK [0][-]{chapter.5}{5 System Implementation}{}% 37
\BOOKMARK [1][-]{section.5.1}{5.1 System Architecture}{chapter.5}% 38
\BOOKMARK [1][-]{section.5.2}{5.2 Tools and Technology Used}{chapter.5}% 39
\BOOKMARK [2][-]{subsection.5.2.1}{5.2.1 Developers Tools}{section.5.2}% 40
\BOOKMARK [2][-]{subsection.5.2.2}{5.2.2 Languages Used}{section.5.2}% 41
\BOOKMARK [1][-]{section.5.3}{5.3 Processing Logic}{chapter.5}% 42
\BOOKMARK [1][-]{section.5.4}{5.4 Application Access Security}{chapter.5}% 43
\BOOKMARK [2][-]{subsection.5.4.1}{5.4.1 Database Security}{section.5.4}% 44
\BOOKMARK [0][-]{chapter.6}{6 System Testing and Evaluation}{}% 45
\BOOKMARK [1][-]{section.6.1}{6.1 Test Cases}{chapter.6}% 46
\BOOKMARK [2][-]{subsection.6.1.1}{6.1.1 User Authentication}{section.6.1}% 47
\BOOKMARK [2][-]{subsection.6.1.2}{6.1.2 Add Pet Profile}{section.6.1}% 48
\BOOKMARK [2][-]{subsection.6.1.3}{6.1.3 Add Doctor Profile}{section.6.1}% 49
\BOOKMARK [2][-]{subsection.6.1.4}{6.1.4 View Pet Profile}{section.6.1}% 50
\BOOKMARK [2][-]{subsection.6.1.5}{6.1.5 Generate pet Diet Plan}{section.6.1}% 51
\BOOKMARK [2][-]{subsection.6.1.6}{6.1.6 View Pet Diseases Detail}{section.6.1}% 52
\BOOKMARK [2][-]{subsection.6.1.7}{6.1.7 Notification Alarm}{section.6.1}% 53
\BOOKMARK [2][-]{subsection.6.1.8}{6.1.8 Take / Cancel Appointment}{section.6.1}% 54
\BOOKMARK [2][-]{subsection.6.1.9}{6.1.9 Logout}{section.6.1}% 55
\BOOKMARK [2][-]{subsection.6.1.10}{6.1.10 Website Test Case}{section.6.1}% 56
\BOOKMARK [0][-]{chapter.7}{7 Conclusions}{}% 57
\BOOKMARK [1][-]{section.7.1}{7.1 Future Recommendations}{chapter.7}% 58
\BOOKMARK [0][-]{chapter.8}{8 User Manual}{}% 59
\BOOKMARK [1][-]{section.8.1}{8.1 Android Application}{chapter.8}% 60
\BOOKMARK [2][-]{subsection.8.1.1}{8.1.1 Splash Screen}{section.8.1}% 61
\BOOKMARK [2][-]{subsection.8.1.2}{8.1.2 Login}{section.8.1}% 62
\BOOKMARK [2][-]{subsection.8.1.3}{8.1.3 Registration}{section.8.1}% 63
\BOOKMARK [2][-]{subsection.8.1.4}{8.1.4 Home Page}{section.8.1}% 64
\BOOKMARK [2][-]{subsection.8.1.5}{8.1.5 Diet Plan}{section.8.1}% 65
\BOOKMARK [2][-]{subsection.8.1.6}{8.1.6 Diseases Details}{section.8.1}% 66
\BOOKMARK [2][-]{subsection.8.1.7}{8.1.7 Notification Details}{section.8.1}% 67
\BOOKMARK [2][-]{subsection.8.1.8}{8.1.8 Appointment}{section.8.1}% 68
\BOOKMARK [2][-]{subsection.8.1.9}{8.1.9 Add Pet Profile}{section.8.1}% 69
\BOOKMARK [2][-]{subsection.8.1.10}{8.1.10 View Pet Profile}{section.8.1}% 70
\BOOKMARK [2][-]{subsection.8.1.11}{8.1.11 Add as a Doctor}{section.8.1}% 71
\BOOKMARK [0][-]{chapter.9}{9 Appendix}{}% 72
\BOOKMARK [1][-]{section.9.1}{9.1 Web Application}{chapter.9}% 73
\BOOKMARK [2][-]{subsection.9.1.1}{9.1.1 Home Button}{section.9.1}% 74
\BOOKMARK [2][-]{subsection.9.1.2}{9.1.2 About us}{section.9.1}% 75
\BOOKMARK [2][-]{subsection.9.1.3}{9.1.3 Contact Us}{section.9.1}% 76
\BOOKMARK [2][-]{subsection.9.1.4}{9.1.4 Appointment}{section.9.1}% 77
\BOOKMARK [0][-]{section*.74}{References}{}% 78
